<?xml version="1.0" encoding="UTF-8"?>
<coverage generated="1676308028944" clover="3.2.0">
  <project timestamp="1676308028944" name="All files">
    <metrics statements="26" coveredstatements="25" conditionals="2" coveredconditionals="2" methods="7" coveredmethods="5" elements="35" coveredelements="32" complexity="0" loc="26" ncloc="26" packages="3" files="4" classes="4"/>
    <package name="d51-lab-01-test">
      <metrics statements="17" coveredstatements="16" conditionals="2" coveredconditionals="2" methods="4" coveredmethods="2"/>
      <file name="server.js" path="/Users/rkgallaway/codefellows/401/d51-lab-01-test/server.js">
        <metrics statements="17" coveredstatements="16" conditionals="2" coveredconditionals="2" methods="4" coveredmethods="2"/>
        <line num="3" count="1" type="stmt"/>
        <line num="4" count="1" type="stmt"/>
        <line num="5" count="1" type="stmt"/>
        <line num="6" count="1" type="cond" truecount="2" falsecount="0"/>
        <line num="7" count="1" type="stmt"/>
        <line num="8" count="1" type="stmt"/>
        <line num="9" count="1" type="stmt"/>
        <line num="12" count="1" type="stmt"/>
        <line num="16" count="1" type="stmt"/>
        <line num="23" count="1" type="stmt"/>
        <line num="24" count="1" type="stmt"/>
        <line num="27" count="1" type="stmt"/>
        <line num="28" count="1" type="stmt"/>
        <line num="31" count="1" type="stmt"/>
        <line num="32" count="1" type="stmt"/>
        <line num="35" count="0" type="stmt"/>
        <line num="38" count="1" type="stmt"/>
      </file>
    </package>
    <package name="d51-lab-01-test.handlers">
      <metrics statements="5" coveredstatements="5" conditionals="0" coveredconditionals="0" methods="2" coveredmethods="2"/>
      <file name="404.js" path="/Users/rkgallaway/codefellows/401/d51-lab-01-test/handlers/404.js">
        <metrics statements="3" coveredstatements="3" conditionals="0" coveredconditionals="0" methods="1" coveredmethods="1"/>
        <line num="3" count="1" type="stmt"/>
        <line num="4" count="1" type="stmt"/>
        <line num="5" count="1" type="stmt"/>
      </file>
      <file name="500.js" path="/Users/rkgallaway/codefellows/401/d51-lab-01-test/handlers/500.js">
        <metrics statements="2" coveredstatements="2" conditionals="0" coveredconditionals="0" methods="1" coveredmethods="1"/>
        <line num="3" count="1" type="stmt"/>
        <line num="4" count="1" type="stmt"/>
      </file>
    </package>
    <package name="d51-lab-01-test.middleware">
      <metrics statements="4" coveredstatements="4" conditionals="0" coveredconditionals="0" methods="1" coveredmethods="1"/>
      <file name="logger.js" path="/Users/rkgallaway/codefellows/401/d51-lab-01-test/middleware/logger.js">
        <metrics statements="4" coveredstatements="4" conditionals="0" coveredconditionals="0" methods="1" coveredmethods="1"/>
        <line num="3" count="1" type="stmt"/>
        <line num="4" count="1" type="stmt"/>
        <line num="5" count="1" type="stmt"/>
        <line num="6" count="1" type="stmt"/>
      </file>
    </package>
  </project>
</coverage>
